<?xml version="1.0" encoding="UTF-8"?>
<testsuite name="com.uuu.demo.test.Test1" tests="2" skipped="1" failures="0" errors="0" timestamp="2022-05-30T09:31:06" hostname="21004431Kai.local" time="0.006">
  <properties/>
  <testcase name="firstTest" classname="com.uuu.demo.test.Test1" time="0.004"/>
  <testcase name="secondTest" classname="com.uuu.demo.test.Test1" time="0.0">
    <skipped/>
  </testcase>
  <system-out><![CDATA[one term start up
prepare env
run first test
store test data
one term clean up
]]></system-out>
  <system-err><![CDATA[]]></system-err>
</testsuite>
