<?xml version="1.0" encoding="UTF-8"?>
<testsuite name="com.uuu.demo.test.junit.MyFirstTest" tests="3" skipped="1" failures="0" errors="0" timestamp="2022-05-30T06:21:16" hostname="21004431Kai.local" time="0.017">
  <properties/>
  <testcase name="testDemo1()" classname="com.uuu.demo.test.junit.MyFirstTest" time="0.013"/>
  <testcase name="testDemo2()" classname="com.uuu.demo.test.junit.MyFirstTest" time="0.001"/>
  <testcase name="testDemo3()" classname="com.uuu.demo.test.junit.MyFirstTest" time="0.001">
    <skipped/>
  </testcase>
  <system-out><![CDATA[prepare only once
prepare data...
my first unit test
record test result
prepare data...
my second test
record test result
store data, logout and bye bye
]]></system-out>
  <system-err><![CDATA[]]></system-err>
</testsuite>
