<?xml version="1.0" encoding="UTF-8"?>
<testsuite name="com.uuu.demo.test.junit.MySecondTest" tests="2" skipped="0" failures="0" errors="0" timestamp="2022-05-30T06:21:16" hostname="21004431Kai.local" time="0.002">
  <properties/>
  <testcase name="demo1Test()" classname="com.uuu.demo.test.junit.MySecondTest" time="0.001"/>
  <testcase name="demo2Test()" classname="com.uuu.demo.test.junit.MySecondTest" time="0.001"/>
  <system-out><![CDATA[[MySecondTest] demo1
[MySecondTest] demo2
]]></system-out>
  <system-err><![CDATA[]]></system-err>
</testsuite>
